SF:lib/src/domain/use_cases/products.dart
DA:13,2
DA:15,1
DA:16,2
DA:19,1
DA:21,2
DA:24,1
DA:25,2
DA:28,1
DA:29,2
LF:9
LH:9
end_of_record
SF:lib/src/domain/use_cases/users.dart
DA:10,2
DA:12,1
DA:13,2
DA:16,1
DA:17,2
DA:20,1
DA:21,2
LF:7
LH:7
end_of_record
SF:lib/src/injection_container.dart
DA:13,3
DA:15,0
DA:16,0
DA:19,1
DA:21,2
DA:31,1
DA:32,2
DA:34,2
DA:36,3
DA:37,3
DA:38,3
DA:40,4
DA:41,3
DA:44,2
DA:45,2
LF:15
LH:13
end_of_record
SF:lib/src/dart_fake_store_api_wrapper_base.dart
DA:11,1
DA:13,0
DA:15,1
DA:19,0
DA:20,0
DA:21,0
DA:22,0
DA:23,0
DA:26,1
DA:27,2
DA:28,1
DA:29,1
DA:30,3
DA:32,1
DA:33,1
DA:34,2
DA:35,1
DA:42,1
DA:43,2
DA:45,1
DA:46,1
DA:47,3
DA:49,1
DA:50,1
DA:51,1
DA:57,1
DA:58,2
DA:60,1
DA:61,1
DA:62,1
DA:63,2
DA:65,1
DA:66,1
DA:67,1
DA:73,1
DA:74,2
DA:75,1
DA:76,1
DA:77,3
DA:79,1
DA:80,1
DA:81,2
DA:87,1
DA:88,2
DA:89,1
DA:90,1
DA:91,3
DA:93,1
DA:94,1
DA:95,2
DA:101,1
DA:102,2
DA:103,1
DA:104,1
DA:105,1
DA:106,2
DA:108,1
DA:109,1
DA:110,1
DA:116,1
DA:117,2
DA:119,1
DA:120,1
DA:121,3
DA:123,1
DA:124,1
DA:125,1
DA:131,1
DA:132,1
DA:133,3
DA:134,3
DA:135,3
DA:136,3
DA:137,3
DA:138,3
DA:139,3
DA:142,1
DA:143,1
DA:144,3
DA:145,3
DA:146,3
DA:147,1
DA:148,0
DA:149,0
DA:150,0
DA:154,1
DA:155,1
DA:156,3
DA:157,3
DA:158,3
DA:159,3
DA:160,3
DA:161,4
DA:162,4
DA:163,5
DA:164,5
DA:167,1
DA:168,1
DA:169,2
DA:170,2
LF:100
LH:91
end_of_record
SF:lib/src/domain/entities/cart_entity.dart
DA:15,8
DA:36,3
DA:41,1
DA:42,1
DA:43,1
DA:44,1
LF:6
LH:6
end_of_record
SF:lib/src/domain/entities/product_entity.dart
DA:20,7
DA:39,7
LF:2
LH:2
end_of_record
SF:lib/src/domain/entities/user_entity.dart
DA:9,7
DA:23,5
DA:36,5
DA:49,5
DA:57,6
DA:62,6
LF:6
LH:6
end_of_record
SF:lib/src/application/shopping_cart_application.dart
DA:31,1
DA:33,1
DA:34,2
DA:37,1
DA:39,2
DA:42,1
DA:43,2
DA:46,1
DA:47,2
DA:50,1
DA:51,2
DA:54,1
DA:55,2
DA:58,1
DA:59,2
LF:15
LH:15
end_of_record
SF:lib/src/core/errors/failures.dart
DA:4,8
DA:6,1
DA:7,1
DA:11,6
DA:15,2
DA:19,4
LF:6
LH:6
end_of_record
SF:lib/src/core/errors/exceptions.dart
DA:4,2
DA:6,1
DA:7,1
DA:13,2
DA:15,1
DA:16,1
DA:22,2
DA:25,1
DA:26,1
LF:9
LH:9
end_of_record
SF:lib/src/core/network/api_client.dart
DA:18,2
DA:20,1
DA:21,3
DA:22,1
DA:25,1
DA:26,1
DA:27,2
DA:28,1
DA:29,1
DA:31,1
DA:34,1
DA:35,2
DA:36,2
DA:37,0
DA:38,0
DA:40,0
DA:41,0
LF:17
LH:13
end_of_record
SF:lib/src/infrastructure/datasources/remote_data_source.dart
DA:36,2
DA:37,1
DA:40,2
DA:41,4
DA:43,1
DA:44,0
DA:46,3
DA:51,1
DA:54,3
DA:55,1
DA:57,1
DA:58,0
DA:60,3
DA:65,1
DA:68,1
DA:69,2
DA:70,2
DA:71,2
DA:73,1
DA:74,1
DA:75,1
DA:76,1
DA:78,3
DA:79,1
DA:81,1
DA:82,0
DA:84,3
DA:89,1
DA:92,3
DA:93,0
DA:95,1
DA:96,0
DA:98,3
DA:103,1
DA:106,1
DA:107,1
DA:108,1
DA:110,2
DA:111,0
DA:113,1
DA:114,0
DA:116,3
DA:121,1
DA:124,1
DA:125,1
DA:126,1
DA:127,1
DA:128,1
DA:129,1
DA:130,1
DA:131,2
DA:132,0
DA:134,1
DA:135,0
DA:137,3
DA:142,1
DA:145,2
DA:146,1
DA:147,1
DA:149,0
DA:153,1
DA:154,0
DA:156,3
LF:63
LH:52
end_of_record
SF:lib/src/infrastructure/models/cart_model.dart
DA:5,3
DA:12,2
DA:13,2
DA:14,2
DA:15,2
DA:16,6
DA:17,2
DA:18,6
DA:19,2
DA:23,2
DA:24,2
DA:25,2
DA:26,4
DA:27,10
DA:34,2
DA:39,2
DA:40,2
DA:41,2
DA:42,2
DA:47,2
DA:49,2
DA:50,2
DA:51,2
LF:23
LH:23
end_of_record
SF:lib/src/infrastructure/models/product_model.dart
DA:5,3
DA:13,3
DA:14,3
DA:15,3
DA:16,3
DA:17,3
DA:19,9
DA:20,3
DA:21,3
DA:22,3
DA:23,6
DA:26,1
DA:27,1
DA:28,1
DA:29,1
DA:30,1
DA:31,1
DA:32,1
DA:33,1
DA:34,2
DA:40,3
DA:41,3
DA:42,3
DA:43,13
DA:44,3
DA:47,1
DA:48,3
LF:27
LH:27
end_of_record
SF:lib/src/infrastructure/models/user_model.dart
DA:15,2
DA:25,3
DA:26,2
DA:27,2
DA:28,2
DA:29,3
DA:30,2
DA:31,1
DA:35,2
DA:36,1
DA:37,1
DA:38,1
DA:39,3
DA:40,1
DA:41,2
DA:43,1
DA:53,1
DA:59,2
DA:60,1
DA:61,1
DA:65,2
DA:66,1
DA:67,1
DA:80,1
DA:89,2
DA:90,1
DA:91,1
DA:92,1
DA:93,1
DA:94,2
DA:98,2
DA:99,1
DA:100,1
DA:101,1
DA:102,1
DA:103,2
DA:113,1
DA:119,2
DA:120,1
DA:121,1
DA:125,1
DA:126,1
DA:127,1
DA:128,1
DA:137,1
DA:140,2
DA:141,1
DA:145,2
DA:146,1
DA:155,1
DA:158,2
DA:159,1
DA:163,2
DA:164,1
LF:54
LH:54
end_of_record
SF:lib/src/infrastructure/repositories/repositories.dart
DA:18,2
DA:20,1
DA:23,2
DA:24,1
DA:26,1
DA:27,2
DA:28,1
DA:29,2
DA:31,4
DA:36,1
DA:39,2
DA:40,1
DA:42,1
DA:43,2
DA:44,1
DA:45,2
DA:47,4
DA:52,0
DA:55,0
DA:56,0
DA:58,0
DA:59,0
DA:60,0
DA:61,0
DA:63,0
DA:68,1
DA:71,2
DA:72,1
DA:74,1
DA:75,2
DA:76,1
DA:77,2
DA:79,4
DA:84,1
DA:87,2
DA:88,1
DA:90,1
DA:91,2
DA:92,1
DA:93,2
DA:95,4
DA:100,1
DA:103,2
DA:104,1
DA:106,1
DA:107,2
DA:108,1
DA:109,2
DA:111,4
DA:116,1
DA:119,2
DA:120,1
DA:122,1
DA:123,2
DA:124,0
DA:125,0
DA:127,0
LF:57
LH:46
end_of_record
